[25-Jun-2024 19:48:25 UTC] PHP Parse error:  syntax error, unexpected token ";", expecting ")" in C:\Users\jaill\Local Sites\nathalie-mota\app\public\wp-content\themes\nathalie-mota\functions.php on line 10
[25-Jun-2024 19:48:25 UTC] PHP Warning:  Trying to access array offset on value of type bool in C:\Users\jaill\Local Sites\nathalie-mota\app\public\wp-includes\class-wp-recovery-mode-email-service.php on line 367
[25-Jun-2024 19:48:25 UTC] PHP Warning:  Trying to access array offset on value of type bool in C:\Users\jaill\Local Sites\nathalie-mota\app\public\wp-includes\class-wp-recovery-mode-email-service.php on line 368
[25-Jun-2024 20:34:03 UTC] PHP Fatal error:  Uncaught TypeError: call_user_func_array(): Argument #1 ($callback) must be a valid callback, function "NathalieMota_settings_register" not found or invalid function name in C:\Users\jaill\Local Sites\nathalie-mota\app\public\wp-includes\class-wp-hook.php:324
Stack trace:
#0 C:\Users\jaill\Local Sites\nathalie-mota\app\public\wp-includes\class-wp-hook.php(348): WP_Hook->apply_filters(false, Array)
#1 C:\Users\jaill\Local Sites\nathalie-mota\app\public\wp-includes\plugin.php(517): WP_Hook->do_action(Array)
#2 C:\Users\jaill\Local Sites\nathalie-mota\app\public\wp-admin\admin-ajax.php(45): do_action('admin_init')
#3 {main}
  thrown in C:\Users\jaill\Local Sites\nathalie-mota\app\public\wp-includes\class-wp-hook.php on line 324
[25-Jun-2024 20:37:01 UTC] PHP Fatal error:  Uncaught TypeError: call_user_func_array(): Argument #1 ($callback) must be a valid callback, function "NathalieMota_settings_register" not found or invalid function name in C:\Users\jaill\Local Sites\nathalie-mota\app\public\wp-includes\class-wp-hook.php:324
Stack trace:
#0 C:\Users\jaill\Local Sites\nathalie-mota\app\public\wp-includes\class-wp-hook.php(348): WP_Hook->apply_filters(false, Array)
#1 C:\Users\jaill\Local Sites\nathalie-mota\app\public\wp-includes\plugin.php(517): WP_Hook->do_action(Array)
#2 C:\Users\jaill\Local Sites\nathalie-mota\app\public\wp-admin\admin-ajax.php(45): do_action('admin_init')
#3 {main}
  thrown in C:\Users\jaill\Local Sites\nathalie-mota\app\public\wp-includes\class-wp-hook.php on line 324
[25-Jun-2024 20:37:01 UTC] PHP Fatal error:  Uncaught TypeError: call_user_func_array(): Argument #1 ($callback) must be a valid callback, function "NathalieMota_settings_register" not found or invalid function name in C:\Users\jaill\Local Sites\nathalie-mota\app\public\wp-includes\class-wp-hook.php:324
Stack trace:
#0 C:\Users\jaill\Local Sites\nathalie-mota\app\public\wp-includes\class-wp-hook.php(348): WP_Hook->apply_filters(NULL, Array)
#1 C:\Users\jaill\Local Sites\nathalie-mota\app\public\wp-includes\plugin.php(517): WP_Hook->do_action(Array)
#2 C:\Users\jaill\Local Sites\nathalie-mota\app\public\wp-admin\admin.php(175): do_action('admin_init')
#3 {main}
  thrown in C:\Users\jaill\Local Sites\nathalie-mota\app\public\wp-includes\class-wp-hook.php on line 324
[25-Jun-2024 20:37:08 UTC] PHP Fatal error:  Uncaught TypeError: call_user_func_array(): Argument #1 ($callback) must be a valid callback, function "NathalieMota_settings_register" not found or invalid function name in C:\Users\jaill\Local Sites\nathalie-mota\app\public\wp-includes\class-wp-hook.php:324
Stack trace:
#0 C:\Users\jaill\Local Sites\nathalie-mota\app\public\wp-includes\class-wp-hook.php(348): WP_Hook->apply_filters(NULL, Array)
#1 C:\Users\jaill\Local Sites\nathalie-mota\app\public\wp-includes\plugin.php(517): WP_Hook->do_action(Array)
#2 C:\Users\jaill\Local Sites\nathalie-mota\app\public\wp-admin\admin.php(175): do_action('admin_init')
#3 {main}
  thrown in C:\Users\jaill\Local Sites\nathalie-mota\app\public\wp-includes\class-wp-hook.php on line 324
[26-Jun-2024 13:45:29 UTC] PHP Warning:  Attempt to read property "title" on null in C:\Users\jaill\Local Sites\nathalie-mota\app\public\wp-includes\class-wp-customize-widgets.php on line 905
[26-Jun-2024 13:45:30 UTC] PHP Warning:  Attempt to read property "title" on null in C:\Users\jaill\Local Sites\nathalie-mota\app\public\wp-includes\class-wp-customize-widgets.php on line 905
[01-Jul-2024 00:36:51 UTC] PHP Fatal error:  Cannot redeclare administration_page() (previously declared in C:\Users\jaill\Local Sites\nathalie-mota\app\public\wp-content\themes\nathalie-mota\functions.php:73) in C:\Users\jaill\Local Sites\nathalie-mota\app\public\wp-content\themes\nathalie-mota\functions.php on line 98
[01-Jul-2024 00:36:51 UTC] PHP Warning:  Trying to access array offset on value of type bool in C:\Users\jaill\Local Sites\nathalie-mota\app\public\wp-includes\class-wp-recovery-mode-email-service.php on line 367
[01-Jul-2024 00:36:51 UTC] PHP Warning:  Trying to access array offset on value of type bool in C:\Users\jaill\Local Sites\nathalie-mota\app\public\wp-includes\class-wp-recovery-mode-email-service.php on line 368
[01-Jul-2024 00:51:13 UTC] PHP Warning:  Attempt to read property "title" on null in C:\Users\jaill\Local Sites\nathalie-mota\app\public\wp-includes\class-wp-customize-widgets.php on line 905
[01-Jul-2024 00:51:14 UTC] PHP Warning:  Attempt to read property "title" on null in C:\Users\jaill\Local Sites\nathalie-mota\app\public\wp-includes\class-wp-customize-widgets.php on line 905
[01-Jul-2024 06:03:42 UTC] PHP Warning:  Attempt to read property "title" on null in C:\Users\jaill\Local Sites\nathalie-mota\app\public\wp-includes\class-wp-customize-widgets.php on line 905
[01-Jul-2024 06:03:47 UTC] PHP Warning:  Attempt to read property "title" on null in C:\Users\jaill\Local Sites\nathalie-mota\app\public\wp-includes\class-wp-customize-widgets.php on line 905
[01-Jul-2024 16:58:05 UTC] PHP Warning:  Attempt to read property "title" on null in C:\Users\jaill\Local Sites\nathalie-mota\app\public\wp-includes\class-wp-customize-widgets.php on line 905
[01-Jul-2024 16:58:10 UTC] PHP Warning:  Attempt to read property "title" on null in C:\Users\jaill\Local Sites\nathalie-mota\app\public\wp-includes\class-wp-customize-widgets.php on line 905
[01-Jul-2024 17:48:41 UTC] PHP Parse error:  syntax error, unexpected token "endwhile", expecting end of file in C:\Users\jaill\Local Sites\nathalie-mota\app\public\wp-content\themes\nathalie-mota\functions.php on line 55
[01-Jul-2024 17:48:54 UTC] PHP Parse error:  syntax error, unexpected token "endwhile", expecting end of file in C:\Users\jaill\Local Sites\nathalie-mota\app\public\wp-content\themes\nathalie-mota\functions.php on line 55
[02-Jul-2024 00:34:10 UTC] PHP Warning:  Attempt to read property "slug" on array in C:\Users\jaill\Local Sites\nathalie-mota\app\public\wp-content\themes\nathalie-mota\front-page.php on line 24
[02-Jul-2024 00:34:10 UTC] PHP Warning:  Attempt to read property "name" on array in C:\Users\jaill\Local Sites\nathalie-mota\app\public\wp-content\themes\nathalie-mota\front-page.php on line 24
[02-Jul-2024 00:34:10 UTC] PHP Warning:  Attempt to read property "slug" on array in C:\Users\jaill\Local Sites\nathalie-mota\app\public\wp-content\themes\nathalie-mota\front-page.php on line 24
[02-Jul-2024 00:34:10 UTC] PHP Warning:  Attempt to read property "name" on array in C:\Users\jaill\Local Sites\nathalie-mota\app\public\wp-content\themes\nathalie-mota\front-page.php on line 24
[02-Jul-2024 00:34:15 UTC] PHP Warning:  Attempt to read property "slug" on array in C:\Users\jaill\Local Sites\nathalie-mota\app\public\wp-content\themes\nathalie-mota\front-page.php on line 24
[02-Jul-2024 00:34:15 UTC] PHP Warning:  Attempt to read property "name" on array in C:\Users\jaill\Local Sites\nathalie-mota\app\public\wp-content\themes\nathalie-mota\front-page.php on line 24
[02-Jul-2024 00:34:15 UTC] PHP Warning:  Attempt to read property "slug" on array in C:\Users\jaill\Local Sites\nathalie-mota\app\public\wp-content\themes\nathalie-mota\front-page.php on line 24
[02-Jul-2024 00:34:15 UTC] PHP Warning:  Attempt to read property "name" on array in C:\Users\jaill\Local Sites\nathalie-mota\app\public\wp-content\themes\nathalie-mota\front-page.php on line 24
[02-Jul-2024 15:19:56 UTC] PHP Warning:  Attempt to read property "slug" on int in C:\Users\jaill\Local Sites\nathalie-mota\app\public\wp-content\themes\nathalie-mota\functions.php on line 255
[02-Jul-2024 15:19:56 UTC] PHP Warning:  Attempt to read property "slug" on int in C:\Users\jaill\Local Sites\nathalie-mota\app\public\wp-content\themes\nathalie-mota\functions.php on line 255
[02-Jul-2024 15:19:56 UTC] PHP Warning:  Attempt to read property "slug" on int in C:\Users\jaill\Local Sites\nathalie-mota\app\public\wp-content\themes\nathalie-mota\functions.php on line 255
[02-Jul-2024 15:19:56 UTC] PHP Warning:  Attempt to read property "slug" on int in C:\Users\jaill\Local Sites\nathalie-mota\app\public\wp-content\themes\nathalie-mota\functions.php on line 255
[02-Jul-2024 15:19:56 UTC] PHP Warning:  Attempt to read property "slug" on int in C:\Users\jaill\Local Sites\nathalie-mota\app\public\wp-content\themes\nathalie-mota\functions.php on line 255
[02-Jul-2024 15:19:56 UTC] PHP Warning:  Attempt to read property "slug" on int in C:\Users\jaill\Local Sites\nathalie-mota\app\public\wp-content\themes\nathalie-mota\functions.php on line 255
[02-Jul-2024 15:20:17 UTC] PHP Warning:  Attempt to read property "slug" on int in C:\Users\jaill\Local Sites\nathalie-mota\app\public\wp-content\themes\nathalie-mota\functions.php on line 255
[02-Jul-2024 15:20:17 UTC] PHP Warning:  Attempt to read property "slug" on int in C:\Users\jaill\Local Sites\nathalie-mota\app\public\wp-content\themes\nathalie-mota\functions.php on line 255
[02-Jul-2024 15:20:17 UTC] PHP Warning:  Attempt to read property "slug" on int in C:\Users\jaill\Local Sites\nathalie-mota\app\public\wp-content\themes\nathalie-mota\functions.php on line 255
[02-Jul-2024 15:20:17 UTC] PHP Warning:  Attempt to read property "slug" on int in C:\Users\jaill\Local Sites\nathalie-mota\app\public\wp-content\themes\nathalie-mota\functions.php on line 255
[02-Jul-2024 15:20:17 UTC] PHP Warning:  Attempt to read property "slug" on int in C:\Users\jaill\Local Sites\nathalie-mota\app\public\wp-content\themes\nathalie-mota\functions.php on line 255
[02-Jul-2024 15:20:17 UTC] PHP Warning:  Attempt to read property "slug" on int in C:\Users\jaill\Local Sites\nathalie-mota\app\public\wp-content\themes\nathalie-mota\functions.php on line 255
[02-Jul-2024 15:20:17 UTC] PHP Warning:  Attempt to read property "slug" on int in C:\Users\jaill\Local Sites\nathalie-mota\app\public\wp-content\themes\nathalie-mota\functions.php on line 255
[02-Jul-2024 15:20:17 UTC] PHP Warning:  Attempt to read property "slug" on int in C:\Users\jaill\Local Sites\nathalie-mota\app\public\wp-content\themes\nathalie-mota\functions.php on line 255
[02-Jul-2024 15:20:17 UTC] PHP Warning:  Attempt to read property "slug" on int in C:\Users\jaill\Local Sites\nathalie-mota\app\public\wp-content\themes\nathalie-mota\functions.php on line 255
[02-Jul-2024 15:20:17 UTC] PHP Warning:  Attempt to read property "slug" on int in C:\Users\jaill\Local Sites\nathalie-mota\app\public\wp-content\themes\nathalie-mota\functions.php on line 255
[02-Jul-2024 15:20:17 UTC] PHP Warning:  Attempt to read property "slug" on int in C:\Users\jaill\Local Sites\nathalie-mota\app\public\wp-content\themes\nathalie-mota\functions.php on line 255
[02-Jul-2024 15:20:17 UTC] PHP Warning:  Attempt to read property "slug" on int in C:\Users\jaill\Local Sites\nathalie-mota\app\public\wp-content\themes\nathalie-mota\functions.php on line 255
[02-Jul-2024 15:20:17 UTC] PHP Warning:  Attempt to read property "slug" on int in C:\Users\jaill\Local Sites\nathalie-mota\app\public\wp-content\themes\nathalie-mota\functions.php on line 255
[02-Jul-2024 15:26:01 UTC] PHP Warning:  Attempt to read property "slug" on int in C:\Users\jaill\Local Sites\nathalie-mota\app\public\wp-content\themes\nathalie-mota\functions.php on line 236
[02-Jul-2024 15:26:01 UTC] PHP Warning:  Attempt to read property "slug" on int in C:\Users\jaill\Local Sites\nathalie-mota\app\public\wp-content\themes\nathalie-mota\functions.php on line 236
[02-Jul-2024 15:26:01 UTC] PHP Warning:  Attempt to read property "slug" on int in C:\Users\jaill\Local Sites\nathalie-mota\app\public\wp-content\themes\nathalie-mota\functions.php on line 236
[02-Jul-2024 15:26:01 UTC] PHP Warning:  Attempt to read property "slug" on int in C:\Users\jaill\Local Sites\nathalie-mota\app\public\wp-content\themes\nathalie-mota\functions.php on line 236
[02-Jul-2024 15:26:01 UTC] PHP Warning:  Attempt to read property "slug" on int in C:\Users\jaill\Local Sites\nathalie-mota\app\public\wp-content\themes\nathalie-mota\functions.php on line 236
[02-Jul-2024 15:26:01 UTC] PHP Warning:  Attempt to read property "slug" on int in C:\Users\jaill\Local Sites\nathalie-mota\app\public\wp-content\themes\nathalie-mota\functions.php on line 236
[02-Jul-2024 15:26:01 UTC] PHP Warning:  Attempt to read property "slug" on int in C:\Users\jaill\Local Sites\nathalie-mota\app\public\wp-content\themes\nathalie-mota\functions.php on line 236
[02-Jul-2024 15:26:01 UTC] PHP Warning:  Attempt to read property "slug" on int in C:\Users\jaill\Local Sites\nathalie-mota\app\public\wp-content\themes\nathalie-mota\functions.php on line 236
[02-Jul-2024 15:26:01 UTC] PHP Warning:  Attempt to read property "slug" on int in C:\Users\jaill\Local Sites\nathalie-mota\app\public\wp-content\themes\nathalie-mota\functions.php on line 236
[02-Jul-2024 15:26:01 UTC] PHP Warning:  Attempt to read property "slug" on int in C:\Users\jaill\Local Sites\nathalie-mota\app\public\wp-content\themes\nathalie-mota\functions.php on line 236
[02-Jul-2024 15:26:01 UTC] PHP Warning:  Attempt to read property "slug" on int in C:\Users\jaill\Local Sites\nathalie-mota\app\public\wp-content\themes\nathalie-mota\functions.php on line 236
[02-Jul-2024 15:26:01 UTC] PHP Warning:  Attempt to read property "slug" on int in C:\Users\jaill\Local Sites\nathalie-mota\app\public\wp-content\themes\nathalie-mota\functions.php on line 236
[02-Jul-2024 15:26:01 UTC] PHP Warning:  Attempt to read property "slug" on int in C:\Users\jaill\Local Sites\nathalie-mota\app\public\wp-content\themes\nathalie-mota\functions.php on line 236
[02-Jul-2024 15:26:01 UTC] PHP Warning:  Attempt to read property "slug" on int in C:\Users\jaill\Local Sites\nathalie-mota\app\public\wp-content\themes\nathalie-mota\functions.php on line 236
[02-Jul-2024 15:26:14 UTC] PHP Warning:  Attempt to read property "slug" on int in C:\Users\jaill\Local Sites\nathalie-mota\app\public\wp-content\themes\nathalie-mota\functions.php on line 236
[02-Jul-2024 15:26:14 UTC] PHP Warning:  Attempt to read property "slug" on int in C:\Users\jaill\Local Sites\nathalie-mota\app\public\wp-content\themes\nathalie-mota\functions.php on line 236
[02-Jul-2024 15:26:14 UTC] PHP Warning:  Attempt to read property "slug" on int in C:\Users\jaill\Local Sites\nathalie-mota\app\public\wp-content\themes\nathalie-mota\functions.php on line 236
[02-Jul-2024 15:26:14 UTC] PHP Warning:  Attempt to read property "slug" on int in C:\Users\jaill\Local Sites\nathalie-mota\app\public\wp-content\themes\nathalie-mota\functions.php on line 236
[02-Jul-2024 15:26:14 UTC] PHP Warning:  Attempt to read property "slug" on int in C:\Users\jaill\Local Sites\nathalie-mota\app\public\wp-content\themes\nathalie-mota\functions.php on line 236
[02-Jul-2024 15:26:14 UTC] PHP Warning:  Attempt to read property "slug" on int in C:\Users\jaill\Local Sites\nathalie-mota\app\public\wp-content\themes\nathalie-mota\functions.php on line 236
[02-Jul-2024 15:26:14 UTC] PHP Warning:  Attempt to read property "slug" on int in C:\Users\jaill\Local Sites\nathalie-mota\app\public\wp-content\themes\nathalie-mota\functions.php on line 236
[02-Jul-2024 15:26:14 UTC] PHP Warning:  Attempt to read property "slug" on int in C:\Users\jaill\Local Sites\nathalie-mota\app\public\wp-content\themes\nathalie-mota\functions.php on line 236
[02-Jul-2024 15:38:09 UTC] PHP Warning:  Attempt to read property "slug" on int in C:\Users\jaill\Local Sites\nathalie-mota\app\public\wp-content\themes\nathalie-mota\functions.php on line 256
[02-Jul-2024 15:38:09 UTC] PHP Warning:  Attempt to read property "slug" on int in C:\Users\jaill\Local Sites\nathalie-mota\app\public\wp-content\themes\nathalie-mota\functions.php on line 256
[02-Jul-2024 15:38:09 UTC] PHP Warning:  Attempt to read property "slug" on int in C:\Users\jaill\Local Sites\nathalie-mota\app\public\wp-content\themes\nathalie-mota\functions.php on line 256
[02-Jul-2024 15:38:09 UTC] PHP Warning:  Attempt to read property "slug" on int in C:\Users\jaill\Local Sites\nathalie-mota\app\public\wp-content\themes\nathalie-mota\functions.php on line 256
[02-Jul-2024 15:38:09 UTC] PHP Warning:  Attempt to read property "slug" on int in C:\Users\jaill\Local Sites\nathalie-mota\app\public\wp-content\themes\nathalie-mota\functions.php on line 256
[02-Jul-2024 15:38:09 UTC] PHP Warning:  Attempt to read property "slug" on int in C:\Users\jaill\Local Sites\nathalie-mota\app\public\wp-content\themes\nathalie-mota\functions.php on line 256
[02-Jul-2024 15:38:32 UTC] PHP Warning:  Attempt to read property "slug" on int in C:\Users\jaill\Local Sites\nathalie-mota\app\public\wp-content\themes\nathalie-mota\functions.php on line 256
[02-Jul-2024 15:38:32 UTC] PHP Warning:  Attempt to read property "slug" on int in C:\Users\jaill\Local Sites\nathalie-mota\app\public\wp-content\themes\nathalie-mota\functions.php on line 256
[02-Jul-2024 15:38:32 UTC] PHP Warning:  Attempt to read property "slug" on int in C:\Users\jaill\Local Sites\nathalie-mota\app\public\wp-content\themes\nathalie-mota\functions.php on line 256
[02-Jul-2024 15:38:32 UTC] PHP Warning:  Attempt to read property "slug" on int in C:\Users\jaill\Local Sites\nathalie-mota\app\public\wp-content\themes\nathalie-mota\functions.php on line 256
[02-Jul-2024 15:38:32 UTC] PHP Warning:  Attempt to read property "slug" on int in C:\Users\jaill\Local Sites\nathalie-mota\app\public\wp-content\themes\nathalie-mota\functions.php on line 256
[02-Jul-2024 15:38:32 UTC] PHP Warning:  Attempt to read property "slug" on int in C:\Users\jaill\Local Sites\nathalie-mota\app\public\wp-content\themes\nathalie-mota\functions.php on line 256
[02-Jul-2024 15:38:32 UTC] PHP Warning:  Attempt to read property "slug" on int in C:\Users\jaill\Local Sites\nathalie-mota\app\public\wp-content\themes\nathalie-mota\functions.php on line 256
[02-Jul-2024 15:38:32 UTC] PHP Warning:  Attempt to read property "slug" on int in C:\Users\jaill\Local Sites\nathalie-mota\app\public\wp-content\themes\nathalie-mota\functions.php on line 256
[02-Jul-2024 15:38:32 UTC] PHP Warning:  Attempt to read property "slug" on int in C:\Users\jaill\Local Sites\nathalie-mota\app\public\wp-content\themes\nathalie-mota\functions.php on line 256
[02-Jul-2024 15:38:32 UTC] PHP Warning:  Attempt to read property "slug" on int in C:\Users\jaill\Local Sites\nathalie-mota\app\public\wp-content\themes\nathalie-mota\functions.php on line 256
[02-Jul-2024 15:38:32 UTC] PHP Warning:  Attempt to read property "slug" on int in C:\Users\jaill\Local Sites\nathalie-mota\app\public\wp-content\themes\nathalie-mota\functions.php on line 256
[02-Jul-2024 15:38:32 UTC] PHP Warning:  Attempt to read property "slug" on int in C:\Users\jaill\Local Sites\nathalie-mota\app\public\wp-content\themes\nathalie-mota\functions.php on line 256
[02-Jul-2024 15:38:32 UTC] PHP Warning:  Attempt to read property "slug" on int in C:\Users\jaill\Local Sites\nathalie-mota\app\public\wp-content\themes\nathalie-mota\functions.php on line 256
[02-Jul-2024 15:39:02 UTC] PHP Warning:  Attempt to read property "slug" on int in C:\Users\jaill\Local Sites\nathalie-mota\app\public\wp-content\themes\nathalie-mota\functions.php on line 256
[02-Jul-2024 15:39:02 UTC] PHP Warning:  Attempt to read property "slug" on int in C:\Users\jaill\Local Sites\nathalie-mota\app\public\wp-content\themes\nathalie-mota\functions.php on line 256
[02-Jul-2024 15:39:02 UTC] PHP Warning:  Attempt to read property "slug" on int in C:\Users\jaill\Local Sites\nathalie-mota\app\public\wp-content\themes\nathalie-mota\functions.php on line 256
[02-Jul-2024 15:39:02 UTC] PHP Warning:  Attempt to read property "slug" on int in C:\Users\jaill\Local Sites\nathalie-mota\app\public\wp-content\themes\nathalie-mota\functions.php on line 256
[02-Jul-2024 15:39:02 UTC] PHP Warning:  Attempt to read property "slug" on int in C:\Users\jaill\Local Sites\nathalie-mota\app\public\wp-content\themes\nathalie-mota\functions.php on line 256
[02-Jul-2024 15:39:02 UTC] PHP Warning:  Attempt to read property "slug" on int in C:\Users\jaill\Local Sites\nathalie-mota\app\public\wp-content\themes\nathalie-mota\functions.php on line 256
[02-Jul-2024 15:39:02 UTC] PHP Warning:  Attempt to read property "slug" on int in C:\Users\jaill\Local Sites\nathalie-mota\app\public\wp-content\themes\nathalie-mota\functions.php on line 256
[02-Jul-2024 15:39:02 UTC] PHP Warning:  Attempt to read property "slug" on int in C:\Users\jaill\Local Sites\nathalie-mota\app\public\wp-content\themes\nathalie-mota\functions.php on line 256
[02-Jul-2024 15:39:02 UTC] PHP Warning:  Attempt to read property "slug" on int in C:\Users\jaill\Local Sites\nathalie-mota\app\public\wp-content\themes\nathalie-mota\functions.php on line 256
[02-Jul-2024 15:39:02 UTC] PHP Warning:  Attempt to read property "slug" on int in C:\Users\jaill\Local Sites\nathalie-mota\app\public\wp-content\themes\nathalie-mota\functions.php on line 256
[02-Jul-2024 15:39:02 UTC] PHP Warning:  Attempt to read property "slug" on int in C:\Users\jaill\Local Sites\nathalie-mota\app\public\wp-content\themes\nathalie-mota\functions.php on line 256
[02-Jul-2024 15:39:02 UTC] PHP Warning:  Attempt to read property "slug" on int in C:\Users\jaill\Local Sites\nathalie-mota\app\public\wp-content\themes\nathalie-mota\functions.php on line 256
[02-Jul-2024 15:39:02 UTC] PHP Warning:  Attempt to read property "slug" on int in C:\Users\jaill\Local Sites\nathalie-mota\app\public\wp-content\themes\nathalie-mota\functions.php on line 256
[02-Jul-2024 15:39:02 UTC] PHP Warning:  Attempt to read property "slug" on int in C:\Users\jaill\Local Sites\nathalie-mota\app\public\wp-content\themes\nathalie-mota\functions.php on line 256
[02-Jul-2024 15:39:10 UTC] PHP Warning:  Attempt to read property "slug" on int in C:\Users\jaill\Local Sites\nathalie-mota\app\public\wp-content\themes\nathalie-mota\functions.php on line 256
[02-Jul-2024 15:39:10 UTC] PHP Warning:  Attempt to read property "slug" on int in C:\Users\jaill\Local Sites\nathalie-mota\app\public\wp-content\themes\nathalie-mota\functions.php on line 256
[02-Jul-2024 15:39:10 UTC] PHP Warning:  Attempt to read property "slug" on int in C:\Users\jaill\Local Sites\nathalie-mota\app\public\wp-content\themes\nathalie-mota\functions.php on line 256
[02-Jul-2024 15:39:10 UTC] PHP Warning:  Attempt to read property "slug" on int in C:\Users\jaill\Local Sites\nathalie-mota\app\public\wp-content\themes\nathalie-mota\functions.php on line 256
[02-Jul-2024 15:39:10 UTC] PHP Warning:  Attempt to read property "slug" on int in C:\Users\jaill\Local Sites\nathalie-mota\app\public\wp-content\themes\nathalie-mota\functions.php on line 256
[02-Jul-2024 15:39:10 UTC] PHP Warning:  Attempt to read property "slug" on int in C:\Users\jaill\Local Sites\nathalie-mota\app\public\wp-content\themes\nathalie-mota\functions.php on line 256
[02-Jul-2024 15:39:10 UTC] PHP Warning:  Attempt to read property "slug" on int in C:\Users\jaill\Local Sites\nathalie-mota\app\public\wp-content\themes\nathalie-mota\functions.php on line 256
[02-Jul-2024 15:39:10 UTC] PHP Warning:  Attempt to read property "slug" on int in C:\Users\jaill\Local Sites\nathalie-mota\app\public\wp-content\themes\nathalie-mota\functions.php on line 256
[02-Jul-2024 19:45:21 UTC] PHP Warning:  Attempt to read property "title" on null in C:\Users\jaill\Local Sites\nathalie-mota\app\public\wp-includes\class-wp-customize-widgets.php on line 905
[02-Jul-2024 19:45:30 UTC] PHP Warning:  Attempt to read property "title" on null in C:\Users\jaill\Local Sites\nathalie-mota\app\public\wp-includes\class-wp-customize-widgets.php on line 905
[02-Jul-2024 20:12:22 UTC] PHP Warning:  Attempt to read property "title" on null in C:\Users\jaill\Local Sites\nathalie-mota\app\public\wp-includes\class-wp-customize-widgets.php on line 905
[02-Jul-2024 20:12:23 UTC] PHP Warning:  Attempt to read property "title" on null in C:\Users\jaill\Local Sites\nathalie-mota\app\public\wp-includes\class-wp-customize-widgets.php on line 905
